总之就是非常羡慕

【收藏级】神级日语现场合集，快来享受这视听盛宴吧！已更新至26P 26p
    ├--- 1 《Only My Railgun》 南条爱乃
    ├--- 2 giligili爱~超时空要塞Δ
    ├--- 3 極乐净土《GARNiDELiA》
    ├--- 4 数码宝贝 Butter-Fly 和田光司
    ├--- 5 未闻花名~你给我的所有~茅野爱衣
    ├--- 6 《直到世界尽头》上杉升&织田哲郎
    ├--- 7 ADAMAS《刀剑神域 》LiSA
    ├--- 8 恋爱循环~花泽香菜
    ├--- 9 团子大家族--茶太
    ├--- 10 前前前世《你的名字》
    ├--- 11 俺妹op irony【ClariS】
    ├--- 12 Don't say lazy 轻音少女
    ├--- 13 《天马座幻想》圣斗士星矢
    ├--- 14 守护甜心ed《my boy》Buono!
    ├--- 15 战姬绝唱~Synchrogazer~水树奈奈
    ├--- 16 《打上花火》米津玄师
    ├--- 17 核爆神曲《aliez》
    ├--- 18 拔剑神曲《βios》
    ├--- 19 剑鞘神曲《last stardust》
    ├--- 20 断剑神曲《Perfect Time》
    ├--- 21 火影忍者《青鸟》
    ├--- 22 海贼王《ウィーアー》
    ├--- 23 死神《Rolling Star》
    ├--- 24 《Barricades》进击的巨人插曲
    ├--- 25 《ət'æk 0N tάɪtn》小林未郁
    └--- 26 红莲的弓矢-进击的巨人

我发现原来我不是喜欢女人

每天一遍，青春无极限！

成年狗的无奈叹息

金 刚 大 占 哥 斯 拉

【怀旧经典】 沙宝亮《暗香》火遍大江南北的神曲！《金粉世家》主题曲！

猫：不可置信她竟然在反抗朕

卧槽！我也想玩

Tik Tok上一个很火的奶奶....剪辑的手法很有趣，快乐年轻的心态也很棒呀

生如蝼蚁，当有干饭之心，命薄如纸，当有干饭之志

共轴无刷直驱无人机--A Fully Actuated Aerial Vehicle using Two Actuators

微信8.0 K-ON全员 轻音少女

【京都动画】京阿尼高燃音乐现场合集 20p
    ├--- 1 轻音少女
    ├--- 2 吹响！上低音号
    ├--- 3 紫罗兰永恒花园
    ├--- 4 中二病也要谈恋爱
    ├--- 5 小林家的妹抖龙
    ├--- 6 凉宫春日的忧郁
    ├--- 7 境界的彼方
    ├--- 8 日常
    ├--- 9 Clannad
    ├--- 10 AIR
    ├--- 11 Kanon
    ├--- 12 无彩限的怪灵世界
    ├--- 13 甘城光辉游乐园
    ├--- 14 幸运星
    ├--- 15 冰菓
    ├--- 16 声之形
    ├--- 17 利兹与青鸟
    ├--- 18 Free!
    ├--- 19 SP 空巢老喵中野梓
    └--- 20 SP 幸运星 部分动画原版ED

【激燃现场】超感动! 轻音少女10周年重聚 这才叫应援 K-ON!@2019拼盘演唱会

【中日字幕】轻音少女K-ON! Come with Me LIVE - 相遇天使

见过音乐家吵架么？来开开眼吧！

大圣，你何时回来啊

什么是内摆线

课 堂 叫 醒 服 务

Arduino和HC-SR04 超声波传感器模块还可以这样！！超声波悬浮

使用线性弹性驱动器的3D单腿跳

贱到极致

【倒立摆合集】一、二、三阶倒立摆 4p
    ├--- 1 Pendulum on a Cart
    ├--- 2 Double Pendulum on a Cart
    ├--- 3 Triple Pendulum on a Cart
    └--- 4 Side-Stepping of the Triple Pendulum on a Cart

这是我见过最沙雕的火影cos视频了，哈哈哈哈哈哈哈哈（听说点赞评论的都有对象了呢！！）

大司马打台球完整版

死  王  来  电

麻雀原来这么叫

5G出来后的反应

道歉专用视频 显得很有诚意

《千千阙歌》- 陈慧娴 最美现场版！岁月鎏金，致敬经典！

那时候的调音师太省心了，什么都不用干

精选40首经典歌曲合集

一位外国小姐姐在停车场的悲催遭遇

